Arguments: 
  /usr/local/bin/node /Users/xi/.yarn/bin/yarn.js install

PATH: 
  /Users/xi/.yarn/bin:/Users/xi/.config/yarn/global/node_modules/.bin:/Users/xi/anaconda3/bin:/Users/xi/anaconda3/condabin:/opt/homebrew/bin:/opt/homebrew/sbin:/usr/local/bin:/System/Cryptexes/App/usr/bin:/usr/bin:/bin:/usr/sbin:/sbin

Yarn version: 
  1.22.19

Node version: 
  20.9.0

Platform: 
  darwin arm64

Trace: 
  Error: EACCES: permission denied, mkdir '/Users/xi/Desktop/mrna/icn3d/node_modules/array-equal'

npm manifest: 
  {
    "name": "icn3d",
    "version": "3.28.3",
    "description": "iCn3D Structure Viewer",
    "main": "index.html",
    "scripts": {
      "test": "echo \"Error: no test specified\" && exit 1"
    },
    "repository": {
      "type": "git",
      "url": "git+https://github.com/ncbi/icn3d.git"
    },
    "keywords": [
      "ncbi",
      "icn3d",
      "3d viewer",
      "protein",
      "structure"
    ],
    "author": "Jiyao Wang <wangjiy@ncbi.nlm.nih.gov>",
    "license": "SEE LICENSE IN LICENSE",
    "bugs": {
      "url": "https://github.com/ncbi/icn3d/issues"
    },
    "homepage": "https://github.com/ncbi/icn3d#readme",
    "dependencies": {
      "jquery": "^3.5.0",
      "jquery-ui": "github:jquery/jquery-ui#1.13.2",
      "line-awesome": "^1.3.0",
      "three": "~0.151.0"
    },
    "devDependencies": {
      "del": "^5.1.0",
      "gulp": "^4.0.2",
      "gulp-concat": "^2.6.1",
      "gulp-dom": "^1.0.0",
      "gulp-help": "^1.6.1",
      "gulp-rename": "^2.0.0",
      "gulp-replace": "^1.1.1",
      "gulp-uglify": "^3.0.2",
      "gulp-zip": "^5.0.1",
      "rollup": "^2.45.2",
      "rollup-plugin-node-resolve": "^5.2.0",
      "rollup-plugin-terser": "^7.0.2"
    }
  }

yarn manifest: 
  No manifest

Lockfile: 
  No lockfile
